<?xml version="1.0" encoding="UTF-8"?>
<testsuite xmlns:xsi="http://www.w3.org/2001/XMLSchema-instance" xsi:noNamespaceSchemaLocation="https://maven.apache.org/surefire/maven-surefire-plugin/xsd/surefire-test-report-3.0.xsd" version="3.0" name="org.example.testRunner.Runners" time="293.253" tests="20" errors="0" skipped="0" failures="3">
  <properties>
[...]
</properties>
  <testcase name="runScenario" classname="org.example.testRunner.Runners" time="18.835"/>
  <testcase name="runScenario" classname="org.example.testRunner.Runners" time="13.861"/>
  <testcase name="runScenario" classname="org.example.testRunner.Runners" time="11.879"/>
  <testcase name="runScenario" classname="org.example.testRunner.Runners" time="11.755"/>
  <testcase name="runScenario" classname="org.example.testRunner.Runners" time="10.943"/>
  <testcase name="runScenario" classname="org.example.testRunner.Runners" time="10.793"/>
  <testcase name="runScenario" classname="org.example.testRunner.Runners" time="10.872"/>
  <testcase name="runScenario" classname="org.example.testRunner.Runners" time="18.279"/>
  <testcase name="runScenario" classname="org.example.testRunner.Runners" time="14.558"/>
  <testcase name="runScenario" classname="org.example.testRunner.Runners" time="11.948"/>
  <testcase name="runScenario" classname="org.example.testRunner.Runners" time="17.122"/>
  <testcase name="runScenario" classname="org.example.testRunner.Runners" time="12.878"/>
  <testcase name="runScenario" classname="org.example.testRunner.Runners" time="11.844">
    <failure message="expected [https://demo.nopcommerce.com/nokia-lumia-1020] but found [https://demo.nopcommerce.com/]" type="java.lang.AssertionError"><![CDATA[java.lang.AssertionError: expected [https://demo.nopcommerce.com/nokia-lumia-1020] but found [https://demo.nopcommerce.com/]
]]></failure>
    <system-err><![CDATA[Starting ChromeDriver 103.0.5060.53 (a1711811edd74ff1cf2150f36ffa3b0dae40b17f-refs/branch-heads/5060@{#853}) on port 57168
Only local connections are allowed.
Please see https://chromedriver.chromium.org/security-considerations for suggestions on keeping ChromeDriver safe.
ChromeDriver was started successfully.
Jul 16, 2022 7:13:51 PM org.openqa.selenium.remote.ProtocolHandshake createSession
INFO: Detected upstream dialect: W3C
Jul 16, 2022 7:13:51 PM org.openqa.selenium.devtools.CdpVersionFinder findNearestMatch
INFO: Found exact CDP implementation for version 103
]]></system-err>
  </testcase>
  <testcase name="runScenario" classname="org.example.testRunner.Runners" time="11.165">
    <failure message="expected [https://demo.nopcommerce.com/iphone-6] but found [https://demo.nopcommerce.com/]" type="java.lang.AssertionError"><![CDATA[java.lang.AssertionError: expected [https://demo.nopcommerce.com/iphone-6] but found [https://demo.nopcommerce.com/]
]]></failure>
    <system-err><![CDATA[Starting ChromeDriver 103.0.5060.53 (a1711811edd74ff1cf2150f36ffa3b0dae40b17f-refs/branch-heads/5060@{#853}) on port 60031
Only local connections are allowed.
Please see https://chromedriver.chromium.org/security-considerations for suggestions on keeping ChromeDriver safe.
ChromeDriver was started successfully.
Jul 16, 2022 7:14:02 PM org.openqa.selenium.remote.ProtocolHandshake createSession
INFO: Detected upstream dialect: W3C
Jul 16, 2022 7:14:02 PM org.openqa.selenium.devtools.CdpVersionFinder findNearestMatch
INFO: Found exact CDP implementation for version 103
]]></system-err>
  </testcase>
  <testcase name="runScenario" classname="org.example.testRunner.Runners" time="21.628"/>
  <testcase name="runScenario" classname="org.example.testRunner.Runners" time="21.975"/>
  <testcase name="runScenario" classname="org.example.testRunner.Runners" time="13.816">
    <failure message="Index: 1, Size: 1" type="java.lang.IndexOutOfBoundsException"><![CDATA[java.lang.IndexOutOfBoundsException: Index: 1, Size: 1
]]></failure>
    <system-err><![CDATA[Starting ChromeDriver 103.0.5060.53 (a1711811edd74ff1cf2150f36ffa3b0dae40b17f-refs/branch-heads/5060@{#853}) on port 60790
Only local connections are allowed.
Please see https://chromedriver.chromium.org/security-considerations for suggestions on keeping ChromeDriver safe.
ChromeDriver was started successfully.
Jul 16, 2022 7:14:57 PM org.openqa.selenium.remote.ProtocolHandshake createSession
INFO: Detected upstream dialect: W3C
Jul 16, 2022 7:14:57 PM org.openqa.selenium.devtools.CdpVersionFinder findNearestMatch
INFO: Found exact CDP implementation for version 103
]]></system-err>
  </testcase>
  <testcase name="runScenario" classname="org.example.testRunner.Runners" time="24.238"/>
  <testcase name="runScenario" classname="org.example.testRunner.Runners" time="12.34"/>
  <testcase name="runScenario" classname="org.example.testRunner.Runners" time="9.658"/>
</testsuite>