<?xml version="1.0" encoding="UTF-8"?>
<testng-results skipped="0" failed="3" ignored="0" total="20" passed="17">
  <reporter-output>
  </reporter-output>
  <suite name="Surefire suite" duration-ms="291886" started-at="2022-07-16T19:11:04 EET" finished-at="2022-07-16T19:15:56 EET">
    <groups>
      <group name="cucumber">
        <method signature="AbstractTestNGCucumberTests.runScenario(io.cucumber.testng.PickleWrapper,io.cucumber.testng.FeatureWrapper)[pri:0, instance:org.example.testRunner.Runners@4923ab24]" name="runScenario" class="io.cucumber.testng.AbstractTestNGCucumberTests"/>
      </group> <!-- cucumber -->
    </groups>
    <test name="Surefire test" duration-ms="291886" started-at="2022-07-16T19:11:04 EET" finished-at="2022-07-16T19:15:56 EET">
      <class name="org.example.testRunner.Runners">
        <test-method status="PASS" signature="setUpClass(org.testng.ITestContext)[pri:0, instance:org.example.testRunner.Runners@4923ab24]" name="setUpClass" is-config="true" duration-ms="891" started-at="2022-07-16T19:11:04 EET" finished-at="2022-07-16T19:11:05 EET">
          <params>
            <param index="0">
              <value>
                <![CDATA[org.testng.TestRunner@185339ed]]>
              </value>
            </param>
          </params>
          <reporter-output>
          </reporter-output>
        </test-method> <!-- setUpClass -->
        <test-method status="PASS" signature="runScenario(io.cucumber.testng.PickleWrapper,io.cucumber.testng.FeatureWrapper)[pri:0, instance:org.example.testRunner.Runners@4923ab24]" name="runScenario" duration-ms="18843" started-at="2022-07-16T19:11:05 EET" description="Runs Cucumber Scenarios" data-provider="scenarios" finished-at="2022-07-16T19:11:24 EET">
          <params>
            <param index="0">
              <value>
                <![CDATA["user could register with valid data successfully"]]>
              </value>
            </param>
            <param index="1">
              <value>
                <![CDATA["F01_Register | users could register with new accounts"]]>
              </value>
            </param>
          </params>
          <reporter-output>
          </reporter-output>
        </test-method> <!-- runScenario -->
        <test-method status="PASS" signature="runScenario(io.cucumber.testng.PickleWrapper,io.cucumber.testng.FeatureWrapper)[pri:0, instance:org.example.testRunner.Runners@4923ab24]" name="runScenario" duration-ms="13861" started-at="2022-07-16T19:11:24 EET" description="Runs Cucumber Scenarios" data-provider="scenarios" finished-at="2022-07-16T19:11:38 EET">
          <params>
            <param index="0">
              <value>
                <![CDATA["user can login with a valid email and password"]]>
              </value>
            </param>
            <param index="1">
              <value>
                <![CDATA["F02_Login | user could use login functionality"]]>
              </value>
            </param>
          </params>
          <reporter-output>
          </reporter-output>
        </test-method> <!-- runScenario -->
        <test-method status="PASS" signature="runScenario(io.cucumber.testng.PickleWrapper,io.cucumber.testng.FeatureWrapper)[pri:0, instance:org.example.testRunner.Runners@4923ab24]" name="runScenario" duration-ms="11880" started-at="2022-07-16T19:11:38 EET" description="Runs Cucumber Scenarios" data-provider="scenarios" finished-at="2022-07-16T19:11:50 EET">
          <params>
            <param index="0">
              <value>
                <![CDATA["user can't login with invalid email and password"]]>
              </value>
            </param>
            <param index="1">
              <value>
                <![CDATA["F02_Login | user could use login functionality"]]>
              </value>
            </param>
          </params>
          <reporter-output>
          </reporter-output>
        </test-method> <!-- runScenario -->
        <test-method status="PASS" signature="runScenario(io.cucumber.testng.PickleWrapper,io.cucumber.testng.FeatureWrapper)[pri:0, instance:org.example.testRunner.Runners@4923ab24]" name="runScenario" duration-ms="11756" started-at="2022-07-16T19:11:50 EET" description="Runs Cucumber Scenarios" data-provider="scenarios" finished-at="2022-07-16T19:12:02 EET">
          <params>
            <param index="0">
              <value>
                <![CDATA["user can change the currency from $ to €"]]>
              </value>
            </param>
            <param index="1">
              <value>
                <![CDATA["F03_Currencies | user can select the currency $ or €"]]>
              </value>
            </param>
          </params>
          <reporter-output>
          </reporter-output>
        </test-method> <!-- runScenario -->
        <test-method status="PASS" signature="runScenario(io.cucumber.testng.PickleWrapper,io.cucumber.testng.FeatureWrapper)[pri:0, instance:org.example.testRunner.Runners@4923ab24]" name="runScenario" duration-ms="10943" started-at="2022-07-16T19:12:02 EET" description="Runs Cucumber Scenarios" data-provider="scenarios" finished-at="2022-07-16T19:12:13 EET">
          <params>
            <param index="0">
              <value>
                <![CDATA["user can search by product name"]]>
              </value>
            </param>
            <param index="1">
              <value>
                <![CDATA["F04_Search | user can search for an item by different keywords"]]>
              </value>
            </param>
          </params>
          <reporter-output>
          </reporter-output>
        </test-method> <!-- runScenario -->
        <test-method status="PASS" signature="runScenario(io.cucumber.testng.PickleWrapper,io.cucumber.testng.FeatureWrapper)[pri:0, instance:org.example.testRunner.Runners@4923ab24]" name="runScenario" duration-ms="10793" started-at="2022-07-16T19:12:13 EET" description="Runs Cucumber Scenarios" data-provider="scenarios" finished-at="2022-07-16T19:12:23 EET">
          <params>
            <param index="0">
              <value>
                <![CDATA["user can search by product name"]]>
              </value>
            </param>
            <param index="1">
              <value>
                <![CDATA["F04_Search | user can search for an item by different keywords"]]>
              </value>
            </param>
          </params>
          <reporter-output>
          </reporter-output>
        </test-method> <!-- runScenario -->
        <test-method status="PASS" signature="runScenario(io.cucumber.testng.PickleWrapper,io.cucumber.testng.FeatureWrapper)[pri:0, instance:org.example.testRunner.Runners@4923ab24]" name="runScenario" duration-ms="10872" started-at="2022-07-16T19:12:23 EET" description="Runs Cucumber Scenarios" data-provider="scenarios" finished-at="2022-07-16T19:12:34 EET">
          <params>
            <param index="0">
              <value>
                <![CDATA["user can search by product name"]]>
              </value>
            </param>
            <param index="1">
              <value>
                <![CDATA["F04_Search | user can search for an item by different keywords"]]>
              </value>
            </param>
          </params>
          <reporter-output>
          </reporter-output>
        </test-method> <!-- runScenario -->
        <test-method status="PASS" signature="runScenario(io.cucumber.testng.PickleWrapper,io.cucumber.testng.FeatureWrapper)[pri:0, instance:org.example.testRunner.Runners@4923ab24]" name="runScenario" duration-ms="18279" started-at="2022-07-16T19:12:34 EET" description="Runs Cucumber Scenarios" data-provider="scenarios" finished-at="2022-07-16T19:12:53 EET">
          <params>
            <param index="0">
              <value>
                <![CDATA["user can search by SKU"]]>
              </value>
            </param>
            <param index="1">
              <value>
                <![CDATA["F04_Search | user can search for an item by different keywords"]]>
              </value>
            </param>
          </params>
          <reporter-output>
          </reporter-output>
        </test-method> <!-- runScenario -->
        <test-method status="PASS" signature="runScenario(io.cucumber.testng.PickleWrapper,io.cucumber.testng.FeatureWrapper)[pri:0, instance:org.example.testRunner.Runners@4923ab24]" name="runScenario" duration-ms="14558" started-at="2022-07-16T19:12:53 EET" description="Runs Cucumber Scenarios" data-provider="scenarios" finished-at="2022-07-16T19:13:07 EET">
          <params>
            <param index="0">
              <value>
                <![CDATA["user can search by SKU"]]>
              </value>
            </param>
            <param index="1">
              <value>
                <![CDATA["F04_Search | user can search for an item by different keywords"]]>
              </value>
            </param>
          </params>
          <reporter-output>
          </reporter-output>
        </test-method> <!-- runScenario -->
        <test-method status="PASS" signature="runScenario(io.cucumber.testng.PickleWrapper,io.cucumber.testng.FeatureWrapper)[pri:0, instance:org.example.testRunner.Runners@4923ab24]" name="runScenario" duration-ms="11949" started-at="2022-07-16T19:13:07 EET" description="Runs Cucumber Scenarios" data-provider="scenarios" finished-at="2022-07-16T19:13:19 EET">
          <params>
            <param index="0">
              <value>
                <![CDATA["user can search by invalid product name"]]>
              </value>
            </param>
            <param index="1">
              <value>
                <![CDATA["F04_Search | user can search for an item by different keywords"]]>
              </value>
            </param>
          </params>
          <reporter-output>
          </reporter-output>
        </test-method> <!-- runScenario -->
        <test-method status="PASS" signature="runScenario(io.cucumber.testng.PickleWrapper,io.cucumber.testng.FeatureWrapper)[pri:0, instance:org.example.testRunner.Runners@4923ab24]" name="runScenario" duration-ms="17122" started-at="2022-07-16T19:13:19 EET" description="Runs Cucumber Scenarios" data-provider="scenarios" finished-at="2022-07-16T19:13:36 EET">
          <params>
            <param index="0">
              <value>
                <![CDATA["user can search by invalid product name"]]>
              </value>
            </param>
            <param index="1">
              <value>
                <![CDATA["F04_Search | user can search for an item by different keywords"]]>
              </value>
            </param>
          </params>
          <reporter-output>
          </reporter-output>
        </test-method> <!-- runScenario -->
        <test-method status="PASS" signature="runScenario(io.cucumber.testng.PickleWrapper,io.cucumber.testng.FeatureWrapper)[pri:0, instance:org.example.testRunner.Runners@4923ab24]" name="runScenario" duration-ms="12878" started-at="2022-07-16T19:13:36 EET" description="Runs Cucumber Scenarios" data-provider="scenarios" finished-at="2022-07-16T19:13:49 EET">
          <params>
            <param index="0">
              <value>
                <![CDATA["user hover categories and select one"]]>
              </value>
            </param>
            <param index="1">
              <value>
                <![CDATA["F05_HoverCategories | user can hover categories and select one of them or a sub-category"]]>
              </value>
            </param>
          </params>
          <reporter-output>
          </reporter-output>
        </test-method> <!-- runScenario -->
        <test-method status="FAIL" signature="runScenario(io.cucumber.testng.PickleWrapper,io.cucumber.testng.FeatureWrapper)[pri:0, instance:org.example.testRunner.Runners@4923ab24]" name="runScenario" duration-ms="11844" started-at="2022-07-16T19:13:49 EET" description="Runs Cucumber Scenarios" data-provider="scenarios" finished-at="2022-07-16T19:14:01 EET">
          <params>
            <param index="0">
              <value>
                <![CDATA["first slider "Nokia" is clickable"]]>
              </value>
            </param>
            <param index="1">
              <value>
                <![CDATA["F06_HomeSlider | user can open the sliders page"]]>
              </value>
            </param>
          </params>
          <exception class="java.lang.AssertionError">
            <message>
              <![CDATA[expected [https://demo.nopcommerce.com/nokia-lumia-1020] but found [https://demo.nopcommerce.com/]]]>
            </message>
            <full-stacktrace>
              <![CDATA[java.lang.AssertionError: expected [https://demo.nopcommerce.com/nokia-lumia-1020] but found [https://demo.nopcommerce.com/]
at org.testng.Assert.fail(Assert.java:110)
at org.testng.Assert.failNotEquals(Assert.java:1413)
at org.testng.Assert.assertEqualsImpl(Assert.java:149)
at org.testng.Assert.assertEquals(Assert.java:131)
at org.testng.Assert.assertEquals(Assert.java:655)
at org.testng.Assert.assertEquals(Assert.java:665)
at org.example.stepDefs.D06_homeSliderStepDef.firstSliderPage(D06_homeSliderStepDef.java:27)
at ✽.users browser is navigated to first slider product page(file:///C:/Users/omars/IdeaProjects/E-Com/src/main/resources/Features/F06_HomeSlider.feature:5)
]]>
            </full-stacktrace>
          </exception> <!-- java.lang.AssertionError -->
          <reporter-output>
          </reporter-output>
        </test-method> <!-- runScenario -->
        <test-method status="FAIL" signature="runScenario(io.cucumber.testng.PickleWrapper,io.cucumber.testng.FeatureWrapper)[pri:0, instance:org.example.testRunner.Runners@4923ab24]" name="runScenario" duration-ms="11165" started-at="2022-07-16T19:14:01 EET" description="Runs Cucumber Scenarios" data-provider="scenarios" finished-at="2022-07-16T19:14:12 EET">
          <params>
            <param index="0">
              <value>
                <![CDATA["second slider "Iphone" is clickable"]]>
              </value>
            </param>
            <param index="1">
              <value>
                <![CDATA["F06_HomeSlider | user can open the sliders page"]]>
              </value>
            </param>
          </params>
          <exception class="java.lang.AssertionError">
            <message>
              <![CDATA[expected [https://demo.nopcommerce.com/iphone-6] but found [https://demo.nopcommerce.com/]]]>
            </message>
            <full-stacktrace>
              <![CDATA[java.lang.AssertionError: expected [https://demo.nopcommerce.com/iphone-6] but found [https://demo.nopcommerce.com/]
at org.testng.Assert.fail(Assert.java:110)
at org.testng.Assert.failNotEquals(Assert.java:1413)
at org.testng.Assert.assertEqualsImpl(Assert.java:149)
at org.testng.Assert.assertEquals(Assert.java:131)
at org.testng.Assert.assertEquals(Assert.java:655)
at org.testng.Assert.assertEquals(Assert.java:665)
at org.example.stepDefs.D06_homeSliderStepDef.secondSliderPage(D06_homeSliderStepDef.java:44)
at ✽.users browser is navigated to second slider product page(file:///C:/Users/omars/IdeaProjects/E-Com/src/main/resources/Features/F06_HomeSlider.feature:9)
]]>
            </full-stacktrace>
          </exception> <!-- java.lang.AssertionError -->
          <reporter-output>
          </reporter-output>
        </test-method> <!-- runScenario -->
        <test-method status="PASS" signature="runScenario(io.cucumber.testng.PickleWrapper,io.cucumber.testng.FeatureWrapper)[pri:0, instance:org.example.testRunner.Runners@4923ab24]" name="runScenario" duration-ms="21628" started-at="2022-07-16T19:14:12 EET" description="Runs Cucumber Scenarios" data-provider="scenarios" finished-at="2022-07-16T19:14:34 EET">
          <params>
            <param index="0">
              <value>
                <![CDATA["user opens Facebook link"]]>
              </value>
            </param>
            <param index="1">
              <value>
                <![CDATA["F07_FollowUs | user can open followUs links"]]>
              </value>
            </param>
          </params>
          <reporter-output>
          </reporter-output>
        </test-method> <!-- runScenario -->
        <test-method status="PASS" signature="runScenario(io.cucumber.testng.PickleWrapper,io.cucumber.testng.FeatureWrapper)[pri:0, instance:org.example.testRunner.Runners@4923ab24]" name="runScenario" duration-ms="21975" started-at="2022-07-16T19:14:34 EET" description="Runs Cucumber Scenarios" data-provider="scenarios" finished-at="2022-07-16T19:14:56 EET">
          <params>
            <param index="0">
              <value>
                <![CDATA["user opens Twitter link"]]>
              </value>
            </param>
            <param index="1">
              <value>
                <![CDATA["F07_FollowUs | user can open followUs links"]]>
              </value>
            </param>
          </params>
          <reporter-output>
          </reporter-output>
        </test-method> <!-- runScenario -->
        <test-method status="FAIL" signature="runScenario(io.cucumber.testng.PickleWrapper,io.cucumber.testng.FeatureWrapper)[pri:0, instance:org.example.testRunner.Runners@4923ab24]" name="runScenario" duration-ms="13816" started-at="2022-07-16T19:14:56 EET" description="Runs Cucumber Scenarios" data-provider="scenarios" finished-at="2022-07-16T19:15:10 EET">
          <params>
            <param index="0">
              <value>
                <![CDATA["user opens rss link"]]>
              </value>
            </param>
            <param index="1">
              <value>
                <![CDATA["F07_FollowUs | user can open followUs links"]]>
              </value>
            </param>
          </params>
          <exception class="java.lang.IndexOutOfBoundsException">
            <message>
              <![CDATA[Index: 1, Size: 1]]>
            </message>
            <full-stacktrace>
              <![CDATA[java.lang.IndexOutOfBoundsException: Index: 1, Size: 1
at java.util.ArrayList.rangeCheck(ArrayList.java:659)
at java.util.ArrayList.get(ArrayList.java:435)
at org.example.stepDefs.D07_followUsStepDef.navigateToLink(D07_followUsStepDef.java:46)
at ✽."https://demo.nopcommerce.com/new-online-store-is-open" is opened in new tab(file:///C:/Users/omars/IdeaProjects/E-Com/src/main/resources/Features/F07_FollowUs.feature:13)
]]>
            </full-stacktrace>
          </exception> <!-- java.lang.IndexOutOfBoundsException -->
          <reporter-output>
          </reporter-output>
        </test-method> <!-- runScenario -->
        <test-method status="PASS" signature="runScenario(io.cucumber.testng.PickleWrapper,io.cucumber.testng.FeatureWrapper)[pri:0, instance:org.example.testRunner.Runners@4923ab24]" name="runScenario" duration-ms="24238" started-at="2022-07-16T19:15:10 EET" description="Runs Cucumber Scenarios" data-provider="scenarios" finished-at="2022-07-16T19:15:34 EET">
          <params>
            <param index="0">
              <value>
                <![CDATA["user opens YouTube link"]]>
              </value>
            </param>
            <param index="1">
              <value>
                <![CDATA["F07_FollowUs | user can open followUs links"]]>
              </value>
            </param>
          </params>
          <reporter-output>
          </reporter-output>
        </test-method> <!-- runScenario -->
        <test-method status="PASS" signature="runScenario(io.cucumber.testng.PickleWrapper,io.cucumber.testng.FeatureWrapper)[pri:0, instance:org.example.testRunner.Runners@4923ab24]" name="runScenario" duration-ms="12340" started-at="2022-07-16T19:15:34 EET" description="Runs Cucumber Scenarios" data-provider="scenarios" finished-at="2022-07-16T19:15:46 EET">
          <params>
            <param index="0">
              <value>
                <![CDATA["user add an item to wishlist and a success message is displayed"]]>
              </value>
            </param>
            <param index="1">
              <value>
                <![CDATA["F08_Wishlist | user can add a product to wishlist"]]>
              </value>
            </param>
          </params>
          <reporter-output>
          </reporter-output>
        </test-method> <!-- runScenario -->
        <test-method status="PASS" signature="runScenario(io.cucumber.testng.PickleWrapper,io.cucumber.testng.FeatureWrapper)[pri:0, instance:org.example.testRunner.Runners@4923ab24]" name="runScenario" duration-ms="9658" started-at="2022-07-16T19:15:46 EET" description="Runs Cucumber Scenarios" data-provider="scenarios" finished-at="2022-07-16T19:15:56 EET">
          <params>
            <param index="0">
              <value>
                <![CDATA["number of wishlist in home page is increased"]]>
              </value>
            </param>
            <param index="1">
              <value>
                <![CDATA["F08_Wishlist | user can add a product to wishlist"]]>
              </value>
            </param>
          </params>
          <reporter-output>
          </reporter-output>
        </test-method> <!-- runScenario -->
        <test-method status="PASS" signature="tearDownClass()[pri:0, instance:org.example.testRunner.Runners@4923ab24]" name="tearDownClass" is-config="true" duration-ms="555" started-at="2022-07-16T19:15:56 EET" finished-at="2022-07-16T19:15:56 EET">
          <reporter-output>
          </reporter-output>
        </test-method> <!-- tearDownClass -->
      </class> <!-- org.example.testRunner.Runners -->
    </test> <!-- Surefire test -->
  </suite> <!-- Surefire suite -->
</testng-results>
